# JRE version: Java(TM) SE Runtime Environment (17.0.8+9) (build 17.0.8+9-LTS-211)
# Java VM: Java HotSpot(TM) 64-Bit Server VM (17.0.8+9-LTS-211, mixed mode, sharing, tiered, compressed oops, compressed class ptrs, g1 gc, windows-amd64)
GC Precious Log:
 CPUs: 16 total, 16 available
 Memory: 32559M
 Large Page Support: Disabled
 NUMA Support: Disabled
 Compressed Oops: Enabled (32-bit)
 Heap Region Size: 1M
 Heap Min Capacity: 256M
 Heap Initial Capacity: 256M
 Heap Max Capacity: 512M
 Pre-touch: Disabled
 Parallel Workers: 13
 Concurrent Workers: 3
 Concurrent Refinement Workers: 13
 Periodic GC: Disabled
Heap:
 garbage-first heap   total 262144K, used 174524K [0x00000000e0000000, 0x0000000100000000)
  region size 1024K, 106 young (108544K), 6 survivors (6144K)
 Metaspace       used 77128K, committed 77824K, reserved 458752K
  class space    used 10457K, committed 10816K, reserved 327680K
GC Heap History (20 events):
Event: 2.265 GC heap before
{Heap before GC invocations=7 (full 0):
 garbage-first heap   total 262144K, used 33434K [0x00000000e0000000, 0x0000000100000000)
  region size 1024K, 5 young (5120K), 1 survivors (1024K)
 Metaspace       used 36287K, committed 36608K, reserved 393216K
  class space    used 5087K, committed 5248K, reserved 327680K
}
Event: 2.265 GC heap after
{Heap after GC invocations=8 (full 0):
 garbage-first heap   total 262144K, used 30259K [0x00000000e0000000, 0x0000000100000000)
  region size 1024K, 1 young (1024K), 1 survivors (1024K)
 Metaspace       used 36287K, committed 36608K, reserved 393216K
  class space    used 5087K, committed 5248K, reserved 327680K
}
Event: 3.247 GC heap before
{Heap before GC invocations=9 (full 0):
 garbage-first heap   total 262144K, used 173619K [0x00000000e0000000, 0x0000000100000000)
  region size 1024K, 140 young (143360K), 1 survivors (1024K)
 Metaspace       used 45593K, committed 46016K, reserved 393216K
  class space    used 6296K, committed 6528K, reserved 327680K
}
Event: 3.252 GC heap after
{Heap after GC invocations=10 (full 0):
 garbage-first heap   total 262144K, used 38446K [0x00000000e0000000, 0x0000000100000000)
  region size 1024K, 9 young (9216K), 9 survivors (9216K)
 Metaspace       used 45593K, committed 46016K, reserved 393216K
  class space    used 6296K, committed 6528K, reserved 327680K
}
Event: 3.268 GC heap before
{Heap before GC invocations=10 (full 0):
 garbage-first heap   total 262144K, used 41518K [0x00000000e0000000, 0x0000000100000000)
  region size 1024K, 12 young (12288K), 9 survivors (9216K)
 Metaspace       used 45905K, committed 46336K, reserved 393216K
  class space    used 6337K, committed 6528K, reserved 327680K
}
Event: 3.271 GC heap after
{Heap after GC invocations=11 (full 0):
 garbage-first heap   total 262144K, used 39108K [0x00000000e0000000, 0x0000000100000000)
  region size 1024K, 1 young (1024K), 1 survivors (1024K)
 Metaspace       used 45905K, committed 46336K, reserved 393216K
  class space    used 6337K, committed 6528K, reserved 327680K
}
Event: 4.502 GC heap before
{Heap before GC invocations=11 (full 0):
 garbage-first heap   total 262144K, used 179396K [0x00000000e0000000, 0x0000000100000000)
  region size 1024K, 139 young (142336K), 1 survivors (1024K)
 Metaspace       used 60711K, committed 61248K, reserved 393216K
  class space    used 8481K, committed 8704K, reserved 327680K
}
Event: 4.506 GC heap after
{Heap after GC invocations=12 (full 0):
 garbage-first heap   total 262144K, used 49817K [0x00000000e0000000, 0x0000000100000000)
  region size 1024K, 12 young (12288K), 12 survivors (12288K)
 Metaspace       used 60711K, committed 61248K, reserved 393216K
  class space    used 8481K, committed 8704K, reserved 327680K
}
Event: 5.466 GC heap before
{Heap before GC invocations=13 (full 0):
 garbage-first heap   total 262144K, used 188057K [0x00000000e0000000, 0x0000000100000000)
  region size 1024K, 148 young (151552K), 12 survivors (12288K)
 Metaspace       used 64242K, committed 64832K, reserved 393216K
  class space    used 8876K, committed 9152K, reserved 327680K
}
Event: 5.473 GC heap after
{Heap after GC invocations=14 (full 0):
 garbage-first heap   total 262144K, used 59471K [0x00000000e0000000, 0x0000000100000000)
  region size 1024K, 10 young (10240K), 10 survivors (10240K)
 Metaspace       used 64242K, committed 64832K, reserved 393216K
  class space    used 8876K, committed 9152K, reserved 327680K
}
Event: 6.104 GC heap before
{Heap before GC invocations=14 (full 0):
 garbage-first heap   total 262144K, used 194639K [0x00000000e0000000, 0x0000000100000000)
  region size 1024K, 142 young (145408K), 10 survivors (10240K)
 Metaspace       used 64834K, committed 65408K, reserved 393216K
  class space    used 8903K, committed 9152K, reserved 327680K
}
Event: 6.106 GC heap after
{Heap after GC invocations=15 (full 0):
 garbage-first heap   total 262144K, used 57842K [0x00000000e0000000, 0x0000000100000000)
  region size 1024K, 8 young (8192K), 8 survivors (8192K)
 Metaspace       used 64834K, committed 65408K, reserved 393216K
  class space    used 8903K, committed 9152K, reserved 327680K
}
Event: 6.741 GC heap before
{Heap before GC invocations=15 (full 0):
 garbage-first heap   total 262144K, used 203250K [0x00000000e0000000, 0x0000000100000000)
  region size 1024K, 149 young (152576K), 8 survivors (8192K)
 Metaspace       used 71991K, committed 72512K, reserved 393216K
  class space    used 9827K, committed 10048K, reserved 327680K
}
Event: 6.748 GC heap after
{Heap after GC invocations=16 (full 0):
 garbage-first heap   total 262144K, used 62859K [0x00000000e0000000, 0x0000000100000000)
  region size 1024K, 12 young (12288K), 12 survivors (12288K)
 Metaspace       used 71991K, committed 72512K, reserved 393216K
  class space    used 9827K, committed 10048K, reserved 327680K
}
Event: 7.466 GC heap before
{Heap before GC invocations=16 (full 0):
 garbage-first heap   total 262144K, used 204171K [0x00000000e0000000, 0x0000000100000000)
  region size 1024K, 151 young (154624K), 12 survivors (12288K)
 Metaspace       used 75919K, committed 76544K, reserved 458752K
  class space    used 10282K, committed 10624K, reserved 327680K
}
Event: 7.474 GC heap after
{Heap after GC invocations=17 (full 0):
 garbage-first heap   total 262144K, used 74902K [0x00000000e0000000, 0x0000000100000000)
  region size 1024K, 19 young (19456K), 19 survivors (19456K)
 Metaspace       used 75919K, committed 76544K, reserved 458752K
  class space    used 10282K, committed 10624K, reserved 327680K
}
Event: 7.797 GC heap before
{Heap before GC invocations=17 (full 0):
 garbage-first heap   total 262144K, used 200854K [0x00000000e0000000, 0x0000000100000000)
  region size 1024K, 143 young (146432K), 19 survivors (19456K)
 Metaspace       used 75947K, committed 76608K, reserved 458752K
  class space    used 10283K, committed 10624K, reserved 327680K
}
Event: 7.802 GC heap after
{Heap after GC invocations=18 (full 0):
 garbage-first heap   total 262144K, used 73601K [0x00000000e0000000, 0x0000000100000000)
  region size 1024K, 5 young (5120K), 5 survivors (5120K)
 Metaspace       used 75947K, committed 76608K, reserved 458752K
  class space    used 10283K, committed 10624K, reserved 327680K
}
Event: 8.300 GC heap before
{Heap before GC invocations=18 (full 0):
 garbage-first heap   total 262144K, used 206721K [0x00000000e0000000, 0x0000000100000000)
  region size 1024K, 135 young (138240K), 5 survivors (5120K)
 Metaspace       used 75954K, committed 76608K, reserved 458752K
  class space    used 10283K, committed 10624K, reserved 327680K
}
Event: 8.302 GC heap after
{Heap after GC invocations=19 (full 0):
 garbage-first heap   total 262144K, used 74172K [0x00000000e0000000, 0x0000000100000000)
  region size 1024K, 6 young (6144K), 6 survivors (6144K)
 Metaspace       used 75954K, committed 76608K, reserved 458752K
  class space    used 10283K, committed 10624K, reserved 327680K
}

